<?xml version="1.0" encoding="UTF-8"?>
<!-- Generated by org.testng.reporters.JUnitReportReporter -->
<testsuite hostname="DESKTOP-3G8MCN5" failures="0" tests="1" name="JavaClassPackage.javaClassThree" time="4.487" errors="0" timestamp="2024-03-16T00:04:44 EET" skipped="0">
  <testcase classname="JavaClassPackage.javaClassThree" name="myTest" time="4.487"/>
  <system-out/>
</testsuite> <!-- JavaClassPackage.javaClassThree -->
