<?xml version="1.0" encoding="UTF-8"?>
<!-- Generated by org.testng.reporters.JUnitReportReporter -->
<testsuite hostname="DESKTOP-3G8MCN5" failures="0" tests="1" name="JavaClassPackage.javaClass2" time="1.454" errors="0" timestamp="2024-03-15T15:27:50 EET" skipped="0">
  <testcase classname="JavaClassPackage.javaClass2" name="myTest" time="1.454"/>
  <system-out/>
</testsuite> <!-- JavaClassPackage.javaClass2 -->
