<?xml version="1.0" encoding="UTF-8"?>
<!-- Generated by org.testng.reporters.JUnitReportReporter -->
<testsuite hostname="DESKTOP-3G8MCN5" failures="0" tests="8" name="JavaClassPackage.JavaClass" time="28.926" errors="0" timestamp="2024-03-15T11:55:44 EET" skipped="0">
  <testcase classname="JavaClassPackage.JavaClass" name="myTest" time="2.929"/>
  <system-out/>
  <testcase classname="JavaClassPackage.JavaClass" name="myTest" time="2.948"/>
  <system-out/>
  <testcase classname="JavaClassPackage.JavaClass" name="myTest" time="2.973"/>
  <system-out/>
  <testcase classname="JavaClassPackage.JavaClass" name="myTest" time="3.029"/>
  <system-out/>
  <testcase classname="JavaClassPackage.JavaClass" name="myTest" time="3.775"/>
  <system-out/>
  <testcase classname="JavaClassPackage.JavaClass" name="myTest" time="2.981"/>
  <system-out/>
  <testcase classname="JavaClassPackage.JavaClass" name="myTest" time="2.895"/>
  <system-out/>
  <testcase classname="JavaClassPackage.JavaClass" name="myTest" time="7.396"/>
  <system-out/>
</testsuite> <!-- JavaClassPackage.JavaClass -->
